  [4;36;1mSQL (1.1ms)[0m   [0;1m SELECT name
 FROM sqlite_master
 WHERE type = 'table' AND NOT name = 'sqlite_sequence'
[0m
  [4;35;1mSQL (7.9ms)[0m   [0mselect sqlite_version(*)[0m
  [4;36;1mSQL (2.8ms)[0m   [0;1mCREATE TABLE "schema_migrations" ("version" varchar(255) NOT NULL) [0m
  [4;35;1mSQL (2.4ms)[0m   [0mCREATE UNIQUE INDEX "unique_schema_migrations" ON "schema_migrations" ("version")[0m
  [4;36;1mSQL (0.2ms)[0m   [0;1m SELECT name
 FROM sqlite_master
 WHERE type = 'table' AND NOT name = 'sqlite_sequence'
[0m
  [4;35;1mSQL (0.1ms)[0m   [0mSELECT version FROM schema_migrations[0m
Migrating to CreateOrders (20090619224208)
  [4;36;1mSQL (0.4ms)[0m   [0;1mCREATE TABLE "orders" ("id" INTEGER PRIMARY KEY AUTOINCREMENT NOT NULL, "first_name" varchar(255), "last_name" varchar(255), "address" varchar(255), "city" varchar(255), "state" varchar(255), "zip" varchar(255), "created_at" datetime, "updated_at" datetime) [0m
  [4;35;1mSQL (0.1ms)[0m   [0mINSERT INTO schema_migrations (version) VALUES ('20090619224208')[0m
Migrating to CreateDeliveries (20090619224220)
  [4;36;1mSQL (0.3ms)[0m   [0;1mCREATE TABLE "deliveries" ("id" INTEGER PRIMARY KEY AUTOINCREMENT NOT NULL, "created_at" datetime, "updated_at" datetime) [0m
  [4;35;1mSQL (0.1ms)[0m   [0mINSERT INTO schema_migrations (version) VALUES ('20090619224220')[0m
  [4;36;1mSQL (0.2ms)[0m   [0;1m SELECT name
 FROM sqlite_master
 WHERE type = 'table' AND NOT name = 'sqlite_sequence'
[0m
  [4;35;1mSQL (0.2ms)[0m   [0mSELECT version FROM schema_migrations[0m
  [4;36;1mSQL (0.2ms)[0m   [0;1m SELECT name
 FROM sqlite_master
 WHERE type = 'table' AND NOT name = 'sqlite_sequence'
[0m
  [4;35;1mSQL (0.0ms)[0m   [0mPRAGMA index_list("deliveries")[0m
  [4;36;1mSQL (0.0ms)[0m   [0;1mPRAGMA index_list("orders")[0m
  [4;36;1mSQL (1.0ms)[0m   [0;1m SELECT name
 FROM sqlite_master
 WHERE type = 'table' AND NOT name = 'sqlite_sequence'
[0m
  [4;35;1mSQL (0.2ms)[0m   [0mselect sqlite_version(*)[0m
  [4;36;1mSQL (3.6ms)[0m   [0;1mCREATE TABLE "schema_migrations" ("version" varchar(255) NOT NULL) [0m
  [4;35;1mSQL (2.1ms)[0m   [0mCREATE UNIQUE INDEX "unique_schema_migrations" ON "schema_migrations" ("version")[0m
  [4;36;1mSQL (0.2ms)[0m   [0;1m SELECT name
 FROM sqlite_master
 WHERE type = 'table' AND NOT name = 'sqlite_sequence'
[0m
  [4;35;1mSQL (0.1ms)[0m   [0mSELECT version FROM schema_migrations[0m
Migrating to CreateOrders (20090619224208)
  [4;36;1mSQL (0.4ms)[0m   [0;1mCREATE TABLE "orders" ("id" INTEGER PRIMARY KEY AUTOINCREMENT NOT NULL, "first_name" varchar(255), "last_name" varchar(255), "address" varchar(255), "city" varchar(255), "state" varchar(255), "zip" varchar(255), "created_at" datetime, "updated_at" datetime) [0m
  [4;35;1mSQL (0.1ms)[0m   [0mINSERT INTO schema_migrations (version) VALUES ('20090619224208')[0m
Migrating to CreateDeliveries (20090619224347)
  [4;36;1mSQL (0.3ms)[0m   [0;1mCREATE TABLE "deliveries" ("id" INTEGER PRIMARY KEY AUTOINCREMENT NOT NULL, "order_id" integer, "delivery_date" datetime, "quantity" integer, "created_at" datetime, "updated_at" datetime) [0m
  [4;35;1mSQL (0.2ms)[0m   [0mINSERT INTO schema_migrations (version) VALUES ('20090619224347')[0m
  [4;36;1mSQL (0.2ms)[0m   [0;1m SELECT name
 FROM sqlite_master
 WHERE type = 'table' AND NOT name = 'sqlite_sequence'
[0m
  [4;35;1mSQL (0.1ms)[0m   [0mSELECT version FROM schema_migrations[0m
  [4;36;1mSQL (0.2ms)[0m   [0;1m SELECT name
 FROM sqlite_master
 WHERE type = 'table' AND NOT name = 'sqlite_sequence'
[0m
  [4;35;1mSQL (0.0ms)[0m   [0mPRAGMA index_list("deliveries")[0m
  [4;36;1mSQL (0.0ms)[0m   [0;1mPRAGMA index_list("orders")[0m


Processing OrdersController#index (for 127.0.0.1 at 2009-06-19 16:44:44) [GET]

ArgumentError (No association found for name `delvierys'. Has it been defined yet?):
  app/models/order.rb:3
  app/controllers/orders_controller.rb:3:in `index'

Rendered rescues/_trace (77.8ms)
Rendered rescues/_request_and_response (1.2ms)
Rendering rescues/layout (internal_server_error)


Processing OrdersController#index (for 127.0.0.1 at 2009-06-19 16:44:54) [GET]

ArgumentError (No association found for name `delvieries'. Has it been defined yet?):
  app/models/order.rb:3
  app/controllers/orders_controller.rb:3:in `index'

Rendered rescues/_trace (32.2ms)
Rendered rescues/_request_and_response (0.2ms)
Rendering rescues/layout (internal_server_error)


Processing OrdersController#index (for 127.0.0.1 at 2009-06-19 16:45:03) [GET]
  [4;36;1mOrder Load (1.9ms)[0m   [0;1mSELECT * FROM "orders" [0m
Rendering template within layouts/application
Rendering orders/index
Completed in 18ms (View: 13, DB: 2) | 200 OK [http://localhost/orders]


Processing OrdersController#new (for 127.0.0.1 at 2009-06-19 16:45:06) [GET]
Rendering template within layouts/application
Rendering orders/new
Rendered orders/_form (4.1ms)
Completed in 13ms (View: 9, DB: 0) | 200 OK [http://localhost/orders/new]


Processing OrdersController#new (for 127.0.0.1 at 2009-06-19 16:46:58) [GET]
Rendering template within layouts/application
Rendering orders/new
Rendered orders/_form (222.5ms)
Completed in 230ms (View: 226, DB: 0) | 200 OK [http://localhost/orders/new]


Processing OrdersController#new (for 127.0.0.1 at 2009-06-19 16:47:11) [GET]
Rendering template within layouts/application
Rendering orders/new
Rendered orders/_form (7.9ms)
Completed in 14ms (View: 10, DB: 0) | 200 OK [http://localhost/orders/new]


Processing OrdersController#new (for 127.0.0.1 at 2009-06-19 16:54:52) [GET]
Rendering template within layouts/application
Rendering orders/new
Rendered orders/_form (6.7ms)
Completed in 95ms (View: 8, DB: 0) | 200 OK [http://localhost/orders/new]


Processing OrdersController#new (for 127.0.0.1 at 2009-06-19 16:54:55) [GET]
Rendering template within layouts/application
Rendering orders/new
Rendered orders/_form (7.2ms)
Completed in 17ms (View: 8, DB: 0) | 200 OK [http://localhost/orders/new]


Processing OrdersController#new (for 127.0.0.1 at 2009-06-19 16:55:16) [GET]
Rendering template within layouts/application
Rendering orders/new
Rendered orders/_form (89.4ms)
Completed in 123ms (View: 100, DB: 0) | 200 OK [http://localhost/orders/new]


Processing OrdersController#index (for 127.0.0.1 at 2009-06-19 16:55:18) [GET]
  [4;36;1mOrder Load (0.3ms)[0m   [0;1mSELECT * FROM "orders" [0m
Rendering template within layouts/application
Rendering orders/index
Completed in 7ms (View: 3, DB: 0) | 200 OK [http://localhost/orders]


Processing OrdersController#new (for 127.0.0.1 at 2009-06-19 16:55:20) [GET]
Rendering template within layouts/application
Rendering orders/new
Rendered orders/_form (7.9ms)
Completed in 18ms (View: 9, DB: 0) | 200 OK [http://localhost/orders/new]


Processing OrdersController#new (for 127.0.0.1 at 2009-06-19 16:55:51) [GET]
Rendering template within layouts/application
Rendering orders/new
  [4;35;1mSQL (14.0ms)[0m   [0mSELECT count(*) AS count_all FROM "deliveries" WHERE ("deliveries".order_id = NULL) [0m
Rendered orders/_form (23.9ms)
Completed in 35ms (View: 13, DB: 14) | 200 OK [http://localhost/orders/new]


Processing OrdersController#new (for 127.0.0.1 at 2009-06-19 16:57:42) [GET]
Rendering template within layouts/application
Rendering orders/new
Rendered orders/_form (7.5ms)
Completed in 18ms (View: 10, DB: 0) | 200 OK [http://localhost/orders/new]


Processing OrdersController#new (for 127.0.0.1 at 2009-06-19 16:57:43) [GET]
Rendering template within layouts/application
Rendering orders/new
Rendered orders/_form (6.5ms)
Completed in 15ms (View: 8, DB: 0) | 200 OK [http://localhost/orders/new]


Processing OrdersController#new (for 127.0.0.1 at 2009-06-19 16:58:16) [GET]
Rendering template within layouts/application
Rendering orders/new
Rendered orders/_form (66.9ms)
Completed in 79ms (View: 71, DB: 0) | 200 OK [http://localhost/orders/new]


Processing OrdersController#new (for 127.0.0.1 at 2009-06-19 17:00:09) [GET]
Rendering template within layouts/application
Rendering orders/new
Rendered orders/_form (12.5ms)
Completed in 21ms (View: 14, DB: 0) | 200 OK [http://localhost/orders/new]


Processing OrdersController#new (for 127.0.0.1 at 2009-06-20 19:55:44) [GET]
Rendering template within layouts/application
Rendering orders/new
Rendered orders/_form (230.4ms)
Completed in 432ms (View: 286, DB: 0) | 200 OK [http://localhost/orders/new]


Processing OrdersController#new (for 127.0.0.1 at 2009-06-20 20:02:53) [GET]
Rendering template within layouts/application
Rendering orders/new
Rendered orders/_form (13.7ms)
Completed in 25ms (View: 17, DB: 0) | 200 OK [http://localhost/orders/new]


Processing OrdersController#new (for 127.0.0.1 at 2009-06-20 20:08:54) [GET]
Rendering template within layouts/application
Rendering orders/new
Rendered orders/_form (12.2ms)
Completed in 22ms (View: 14, DB: 0) | 200 OK [http://localhost/orders/new]


Processing OrdersController#new (for 127.0.0.1 at 2009-06-20 20:09:19) [GET]
Rendering template within layouts/application
Rendering orders/new
Rendered orders/_form (12.8ms)
Completed in 68ms (View: 60, DB: 0) | 200 OK [http://localhost/orders/new]


Processing OrdersController#new (for 127.0.0.1 at 2009-06-20 20:12:01) [GET]
Rendering template within layouts/application
Rendering orders/new
Rendered orders/_form (12.6ms)
Completed in 22ms (View: 14, DB: 0) | 200 OK [http://localhost/orders/new]


Processing OrdersController#new (for 127.0.0.1 at 2009-06-20 20:13:27) [GET]
Rendering template within layouts/application
Rendering orders/new
Rendered orders/_form (14.9ms)
Completed in 26ms (View: 17, DB: 0) | 200 OK [http://localhost/orders/new]


Processing OrdersController#new (for 127.0.0.1 at 2009-06-20 20:44:31) [GET]
Rendering template within layouts/application
Rendering orders/new
Rendered orders/_form (12.3ms)
Completed in 22ms (View: 14, DB: 0) | 200 OK [http://localhost/orders/new]


Processing OrdersController#new (for 127.0.0.1 at 2009-06-20 20:50:29) [GET]
Rendering template within layouts/application
Rendering orders/new
Rendered orders/_form (60.0ms)
Completed in 97ms (View: 63, DB: 0) | 200 OK [http://localhost/orders/new]


Processing OrdersController#create (for 127.0.0.1 at 2009-06-20 20:51:10) [POST]
  Parameters: {"commit"=>"Submit", "authenticity_token"=>"2/762UJVIpGpEoSk4TJalXbhvcyvvd7mO97YkFAyCoY=", "order"=>{"city"=>"Ketchum", "address"=>"1800 Yourface Dr.", "zip"=>"83340", "deliveries_attributes"=>{"0"=>{"quantity"=>"3", "delivery_date(1i)"=>"2010", "delivery_date(2i)"=>"5", "delivery_date(3i)"=>"12", "delivery_date(4i)"=>"12", "delivery_date(5i)"=>"15"}, "1"=>{"quantity"=>"2", "delivery_date(1i)"=>"", "delivery_date(2i)"=>"", "delivery_date(3i)"=>"", "delivery_date(4i)"=>"", "delivery_date(5i)"=>""}, "2"=>{"quantity"=>"", "delivery_date(1i)"=>"", "delivery_date(2i)"=>"", "delivery_date(3i)"=>"", "delivery_date(4i)"=>"", "delivery_date(5i)"=>""}}, "last_name"=>"Westendorf", "state"=>"ID", "first_name"=>"Daniel"}}
Rendering template within layouts/application
Rendering orders/new
Rendered orders/_form (7.6ms)
Completed in 22ms (View: 9, DB: 0) | 200 OK [http://localhost/orders]


Processing OrdersController#create (for 127.0.0.1 at 2009-06-20 20:52:51) [POST]
  Parameters: {"commit"=>"Submit", "authenticity_token"=>"2/762UJVIpGpEoSk4TJalXbhvcyvvd7mO97YkFAyCoY=", "order"=>{"city"=>"Ketchum", "address"=>"1800 Yourface Dr.", "zip"=>"83340", "deliveries_attributes"=>{"0"=>{"quantity"=>"3", "delivery_date(1i)"=>"2010", "delivery_date(2i)"=>"5", "delivery_date(3i)"=>"12", "delivery_date(4i)"=>"12", "delivery_date(5i)"=>"15"}, "1"=>{"quantity"=>"2", "delivery_date(1i)"=>"", "delivery_date(2i)"=>"", "delivery_date(3i)"=>"", "delivery_date(4i)"=>"", "delivery_date(5i)"=>""}}, "last_name"=>"Westendorf", "state"=>"ID", "first_name"=>"Daniel"}}
Rendering template within layouts/application
Rendering orders/new
Rendered orders/_form (7.7ms)
Completed in 22ms (View: 9, DB: 0) | 200 OK [http://localhost/orders]


Processing OrdersController#new (for 127.0.0.1 at 2009-06-20 20:53:02) [GET]
Rendering template within layouts/application
Rendering orders/new
Rendered orders/_form (12.8ms)
Completed in 22ms (View: 14, DB: 0) | 200 OK [http://localhost/orders/new]


Processing OrdersController#create (for 127.0.0.1 at 2009-06-20 20:53:05) [POST]
  Parameters: {"commit"=>"Submit", "authenticity_token"=>"2/762UJVIpGpEoSk4TJalXbhvcyvvd7mO97YkFAyCoY=", "order"=>{"city"=>"", "address"=>"", "zip"=>"", "deliveries_attributes"=>{"0"=>{"quantity"=>"2", "delivery_date(1i)"=>"", "delivery_date(2i)"=>"", "delivery_date(3i)"=>"", "delivery_date(4i)"=>"", "delivery_date(5i)"=>""}, "1"=>{"quantity"=>"", "delivery_date(1i)"=>"", "delivery_date(2i)"=>"", "delivery_date(3i)"=>"", "delivery_date(4i)"=>"", "delivery_date(5i)"=>""}, "2"=>{"quantity"=>"", "delivery_date(1i)"=>"", "delivery_date(2i)"=>"", "delivery_date(3i)"=>"", "delivery_date(4i)"=>"", "delivery_date(5i)"=>""}}, "last_name"=>"", "state"=>"", "first_name"=>""}}
Rendering template within layouts/application
Rendering orders/new
Rendered orders/_form (4.7ms)
Completed in 18ms (View: 6, DB: 0) | 200 OK [http://localhost/orders]


Processing OrdersController#new (for 127.0.0.1 at 2009-06-20 20:53:15) [GET]
Rendering template within layouts/application
Rendering orders/new
Rendered orders/_form (63.3ms)
Completed in 72ms (View: 65, DB: 0) | 200 OK [http://localhost/orders/new]


Processing OrdersController#create (for 127.0.0.1 at 2009-06-20 20:53:18) [POST]
  Parameters: {"commit"=>"Submit", "authenticity_token"=>"v/akVTKeq1WWpRQNHcIGfcL3hDOyx7+iX9KTweV225U=", "order"=>{"city"=>"", "address"=>"", "zip"=>"", "deliveries_attributes"=>{"0"=>{"quantity"=>"3", "delivery_date(1i)"=>"2009", "delivery_date(2i)"=>"6", "delivery_date(3i)"=>"21", "delivery_date(4i)"=>"01", "delivery_date(5i)"=>"55"}, "1"=>{"quantity"=>"", "delivery_date(1i)"=>"2009", "delivery_date(2i)"=>"6", "delivery_date(3i)"=>"21", "delivery_date(4i)"=>"01", "delivery_date(5i)"=>"55"}, "2"=>{"quantity"=>"", "delivery_date(1i)"=>"2009", "delivery_date(2i)"=>"6", "delivery_date(3i)"=>"21", "delivery_date(4i)"=>"01", "delivery_date(5i)"=>"55"}}, "last_name"=>"", "state"=>"", "first_name"=>""}}
  [4;36;1mOrder Create (19.7ms)[0m   [0;1mINSERT INTO "orders" ("address", "city", "zip", "created_at", "updated_at", "last_name", "first_name", "state") VALUES('', '', '', '2009-06-21 02:53:18', '2009-06-21 02:53:18', '', '', '')[0m
  [4;35;1mDelivery Create (0.3ms)[0m   [0mINSERT INTO "deliveries" ("created_at", "quantity", "order_id", "delivery_date", "updated_at") VALUES('2009-06-21 02:53:18', 3, 1, '2009-06-21 01:55:00', '2009-06-21 02:53:18')[0m
  [4;36;1mDelivery Create (0.1ms)[0m   [0;1mINSERT INTO "deliveries" ("created_at", "quantity", "order_id", "delivery_date", "updated_at") VALUES('2009-06-21 02:53:18', NULL, 1, '2009-06-21 01:55:00', '2009-06-21 02:53:18')[0m
  [4;35;1mDelivery Create (0.1ms)[0m   [0mINSERT INTO "deliveries" ("created_at", "quantity", "order_id", "delivery_date", "updated_at") VALUES('2009-06-21 02:53:18', NULL, 1, '2009-06-21 01:55:00', '2009-06-21 02:53:18')[0m
Redirected to http://localhost:3000/orders/1
Completed in 51ms (DB: 20) | 302 Found [http://localhost/orders]


Processing OrdersController#show (for 127.0.0.1 at 2009-06-20 20:53:18) [GET]
  Parameters: {"id"=>"1"}
  [4;36;1mOrder Load (0.3ms)[0m   [0;1mSELECT * FROM "orders" WHERE ("orders"."id" = 1) [0m
Rendering template within layouts/application
Rendering orders/show
Completed in 32ms (View: 27, DB: 0) | 200 OK [http://localhost/orders/1]


Processing OrdersController#destroy (for 127.0.0.1 at 2009-06-20 20:53:24) [DELETE]
  Parameters: {"authenticity_token"=>"v/akVTKeq1WWpRQNHcIGfcL3hDOyx7+iX9KTweV225U=", "id"=>"1"}
  [4;35;1mOrder Load (0.2ms)[0m   [0mSELECT * FROM "orders" WHERE ("orders"."id" = 1) [0m
  [4;36;1mOrder Destroy (0.5ms)[0m   [0;1mDELETE FROM "orders" WHERE "id" = 1[0m
Redirected to http://localhost:3000/orders
Completed in 17ms (DB: 1) | 302 Found [http://localhost/orders/1]


Processing OrdersController#index (for 127.0.0.1 at 2009-06-20 20:53:24) [GET]
  [4;35;1mOrder Load (0.3ms)[0m   [0mSELECT * FROM "orders" [0m
Rendering template within layouts/application
Rendering orders/index
Completed in 15ms (View: 12, DB: 0) | 200 OK [http://localhost/orders]


Processing OrdersController#new (for 127.0.0.1 at 2009-06-20 20:53:25) [GET]
Rendering template within layouts/application
Rendering orders/new
Rendered orders/_form (12.5ms)
Completed in 22ms (View: 14, DB: 0) | 200 OK [http://localhost/orders/new]


Processing OrdersController#create (for 127.0.0.1 at 2009-06-20 20:53:31) [POST]
  Parameters: {"commit"=>"Submit", "authenticity_token"=>"v/akVTKeq1WWpRQNHcIGfcL3hDOyx7+iX9KTweV225U=", "order"=>{"city"=>"", "address"=>"", "zip"=>"", "deliveries_attributes"=>{"0"=>{"quantity"=>"3", "delivery_date(1i)"=>"", "delivery_date(2i)"=>"", "delivery_date(3i)"=>"", "delivery_date(4i)"=>"", "delivery_date(5i)"=>""}, "1"=>{"quantity"=>"", "delivery_date(1i)"=>"", "delivery_date(2i)"=>"", "delivery_date(3i)"=>"", "delivery_date(4i)"=>"", "delivery_date(5i)"=>""}, "2"=>{"quantity"=>"", "delivery_date(1i)"=>"", "delivery_date(2i)"=>"", "delivery_date(3i)"=>"", "delivery_date(4i)"=>"", "delivery_date(5i)"=>""}}, "last_name"=>"", "state"=>"", "first_name"=>""}}
Rendering template within layouts/application
Rendering orders/new
Rendered orders/_form (4.6ms)
Completed in 18ms (View: 6, DB: 0) | 200 OK [http://localhost/orders]


Processing OrdersController#create (for 127.0.0.1 at 2009-06-20 20:54:06) [POST]
  Parameters: {"commit"=>"Submit", "authenticity_token"=>"v/akVTKeq1WWpRQNHcIGfcL3hDOyx7+iX9KTweV225U=", "order"=>{"city"=>"", "address"=>"", "zip"=>"", "deliveries_attributes"=>{"0"=>{"quantity"=>"3", "delivery_date(1i)"=>"", "delivery_date(2i)"=>"", "delivery_date(3i)"=>"", "delivery_date(4i)"=>"", "delivery_date(5i)"=>""}}, "last_name"=>"", "state"=>"", "first_name"=>""}}
Rendering template within layouts/application
Rendering orders/new
Rendered orders/_form (4.7ms)
Completed in 70ms (View: 6, DB: 0) | 200 OK [http://localhost/orders]


Processing OrdersController#new (for 127.0.0.1 at 2009-06-20 20:54:26) [GET]
Rendering template within layouts/application
Rendering orders/new
Rendered orders/_form (12.9ms)
Completed in 22ms (View: 15, DB: 0) | 200 OK [http://localhost/orders/new]


Processing OrdersController#create (for 127.0.0.1 at 2009-06-20 20:54:34) [POST]
  Parameters: {"commit"=>"Submit", "authenticity_token"=>"2/762UJVIpGpEoSk4TJalXbhvcyvvd7mO97YkFAyCoY=", "order"=>{"city"=>"", "address"=>"", "zip"=>"", "deliveries_attributes"=>{"0"=>{"quantity"=>"", "delivery_date(1i)"=>"", "delivery_date(2i)"=>"", "delivery_date(3i)"=>"", "delivery_date(4i)"=>"", "delivery_date(5i)"=>""}, "1"=>{"quantity"=>"", "delivery_date(1i)"=>"", "delivery_date(2i)"=>"", "delivery_date(3i)"=>"", "delivery_date(4i)"=>"", "delivery_date(5i)"=>""}, "2"=>{"quantity"=>"3", "delivery_date(1i)"=>"", "delivery_date(2i)"=>"", "delivery_date(3i)"=>"", "delivery_date(4i)"=>"", "delivery_date(5i)"=>""}}, "last_name"=>"", "state"=>"", "first_name"=>""}}
Rendering template within layouts/application
Rendering orders/new
Rendered orders/_form (4.8ms)
Completed in 18ms (View: 6, DB: 0) | 200 OK [http://localhost/orders]


Processing OrdersController#create (for 127.0.0.1 at 2009-06-20 20:57:26) [POST]
  Parameters: {"commit"=>"Submit", "authenticity_token"=>"2/762UJVIpGpEoSk4TJalXbhvcyvvd7mO97YkFAyCoY=", "order"=>{"city"=>"", "address"=>"", "zip"=>"", "deliveries_attributes"=>{"0"=>{"quantity"=>"3", "delivery_date(1i)"=>"", "delivery_date(2i)"=>"", "delivery_date(3i)"=>"", "delivery_date(4i)"=>"", "delivery_date(5i)"=>""}}, "last_name"=>"", "state"=>"", "first_name"=>""}}
Rendering template within layouts/application
Rendering orders/new
Rendered orders/_form (13.2ms)
Completed in 29ms (View: 15, DB: 0) | 200 OK [http://localhost/orders]


Processing OrdersController#create (for 127.0.0.1 at 2009-06-20 20:57:33) [POST]
  Parameters: {"commit"=>"Submit", "authenticity_token"=>"2/762UJVIpGpEoSk4TJalXbhvcyvvd7mO97YkFAyCoY=", "order"=>{"city"=>"", "address"=>"", "zip"=>"", "deliveries_attributes"=>{"0"=>{"quantity"=>"3", "delivery_date(1i)"=>"", "delivery_date(2i)"=>"", "delivery_date(3i)"=>"", "delivery_date(4i)"=>"", "delivery_date(5i)"=>""}, "1"=>{"quantity"=>"", "delivery_date(1i)"=>"", "delivery_date(2i)"=>"", "delivery_date(3i)"=>"", "delivery_date(4i)"=>"", "delivery_date(5i)"=>""}, "2"=>{"quantity"=>"", "delivery_date(1i)"=>"", "delivery_date(2i)"=>"", "delivery_date(3i)"=>"", "delivery_date(4i)"=>"", "delivery_date(5i)"=>""}, "3"=>{"quantity"=>"", "delivery_date(1i)"=>"", "delivery_date(2i)"=>"", "delivery_date(3i)"=>"", "delivery_date(4i)"=>"", "delivery_date(5i)"=>""}}, "last_name"=>"", "state"=>"", "first_name"=>""}}
Rendering template within layouts/application
Rendering orders/new
Rendered orders/_form (63.0ms)
Completed in 79ms (View: 65, DB: 0) | 200 OK [http://localhost/orders]


Processing OrdersController#new (for 127.0.0.1 at 2009-06-20 20:57:39) [GET]
Rendering template within layouts/application
Rendering orders/new
Rendered orders/_form (12.7ms)
Completed in 22ms (View: 14, DB: 0) | 200 OK [http://localhost/orders/new]


Processing OrdersController#create (for 127.0.0.1 at 2009-06-20 20:57:46) [POST]
  Parameters: {"commit"=>"Submit", "authenticity_token"=>"2/762UJVIpGpEoSk4TJalXbhvcyvvd7mO97YkFAyCoY=", "order"=>{"city"=>"", "address"=>"", "zip"=>"", "deliveries_attributes"=>{"0"=>{"quantity"=>"4", "delivery_date(1i)"=>"", "delivery_date(2i)"=>"", "delivery_date(3i)"=>"", "delivery_date(4i)"=>"", "delivery_date(5i)"=>""}, "1"=>{"quantity"=>"", "delivery_date(1i)"=>"", "delivery_date(2i)"=>"", "delivery_date(3i)"=>"", "delivery_date(4i)"=>"", "delivery_date(5i)"=>""}, "2"=>{"quantity"=>"", "delivery_date(1i)"=>"", "delivery_date(2i)"=>"", "delivery_date(3i)"=>"", "delivery_date(4i)"=>"", "delivery_date(5i)"=>""}}, "last_name"=>"", "state"=>"", "first_name"=>""}}
Rendering template within layouts/application
Rendering orders/new
Rendered orders/_form (13.1ms)
Completed in 31ms (View: 15, DB: 0) | 200 OK [http://localhost/orders]


Processing OrdersController#create (for 127.0.0.1 at 2009-06-20 21:25:21) [POST]
  Parameters: {"commit"=>"Submit", "authenticity_token"=>"2/762UJVIpGpEoSk4TJalXbhvcyvvd7mO97YkFAyCoY=", "order"=>{"city"=>"", "address"=>"", "zip"=>"", "deliveries_attributes"=>{"0"=>{"quantity"=>"4", "delivery_date(1i)"=>"", "delivery_date(2i)"=>"", "delivery_date(3i)"=>"", "delivery_date(4i)"=>"", "delivery_date(5i)"=>""}, "1"=>{"quantity"=>"", "delivery_date(1i)"=>"", "delivery_date(2i)"=>"", "delivery_date(3i)"=>"", "delivery_date(4i)"=>"", "delivery_date(5i)"=>""}, "2"=>{"quantity"=>"", "delivery_date(1i)"=>"", "delivery_date(2i)"=>"", "delivery_date(3i)"=>"", "delivery_date(4i)"=>"", "delivery_date(5i)"=>""}, "3"=>{"quantity"=>"", "delivery_date(1i)"=>"", "delivery_date(2i)"=>"", "delivery_date(3i)"=>"", "delivery_date(4i)"=>"", "delivery_date(5i)"=>""}}, "last_name"=>"", "state"=>"", "first_name"=>""}}
Rendering template within layouts/application
Rendering orders/new
Rendered orders/_form (4.7ms)
Completed in 19ms (View: 6, DB: 0) | 200 OK [http://localhost/orders]


Processing OrdersController#new (for 127.0.0.1 at 2009-06-20 21:31:04) [GET]
Rendering template within layouts/application
Rendering orders/new
Rendered orders/_form (315.4ms)
Completed in 329ms (View: 318, DB: 0) | 200 OK [http://localhost/orders/new]


Processing OrdersController#index (for 127.0.0.1 at 2009-06-20 21:48:47) [GET]
  [4;36;1mOrder Load (0.4ms)[0m   [0;1mSELECT * FROM "orders" [0m
Rendering template within layouts/application
Rendering orders/index
Completed in 5ms (View: 1, DB: 0) | 200 OK [http://localhost/]


Processing OrdersController#new (for 127.0.0.1 at 2009-06-20 21:48:50) [GET]
Rendering template within layouts/application
Rendering orders/new
Rendered orders/_form (274.5ms)
Completed in 288ms (View: 277, DB: 0) | 200 OK [http://localhost/orders/new]


Processing OrdersController#new (for 127.0.0.1 at 2009-06-20 21:49:15) [GET]
Rendering template within layouts/application
Rendering orders/new
Rendered orders/_form (244.0ms)
Completed in 258ms (View: 247, DB: 0) | 200 OK [http://localhost/orders/new]
